<?xml version="1.0" encoding="UTF-8"?>
<!-- Generated by org.testng.reporters.JUnitReportReporter -->
<testsuite hostname="LAPTOP-E7B5P8US" failures="0" tests="1" name="com.mystore.testcases.SearchResultPageTest" time="12.004" errors="0" timestamp="2022-10-11T15:27:13 IST" skipped="0">
  <testcase classname="com.mystore.testcases.SearchResultPageTest" name="productAvailabilityCheck" time="12.004"/>
  <system-out/>
</testsuite> <!-- com.mystore.testcases.SearchResultPageTest -->
