<?xml version="1.0" encoding="UTF-8"?>
<!-- Generated by org.testng.reporters.JUnitReportReporter -->
<testsuite hostname="LAPTOP-E7B5P8US" failures="0" tests="1" name="com.mystore.testcases.LoginPageTest" time="26.558" errors="0" timestamp="2022-10-12T16:53:58 IST" skipped="0">
  <testcase classname="com.mystore.testcases.LoginPageTest" name="loginTest" time="26.558"/>
  <system-out/>
</testsuite> <!-- com.mystore.testcases.LoginPageTest -->
