<?xml version="1.0" encoding="UTF-8"?>
<!-- Generated by org.testng.reporters.JUnitReportReporter -->
<testsuite hostname="LAPTOP-E7B5P8US" failures="0" tests="2" name="com.mystore.testcases.IndexpageTest" time="20.485" errors="0" timestamp="2022-10-10T20:19:22 IST" skipped="0">
  <testcase classname="com.mystore.testcases.IndexpageTest" name="verifyLogo" time="13.744"/>
  <system-out/>
  <testcase classname="com.mystore.testcases.IndexpageTest" name="verifyTitle" time="6.741"/>
  <system-out/>
</testsuite> <!-- com.mystore.testcases.IndexpageTest -->
