<?xml version="1.0" encoding="UTF-8"?>
<!-- Generated by org.testng.reporters.JUnitReportReporter -->
<testsuite hostname="LAPTOP-E7B5P8US" failures="0" tests="1" name="com.mystore.testcases.AccountCreationTest" time="15.789" errors="0" timestamp="2022-10-10T22:34:20 IST" skipped="0">
  <testcase classname="com.mystore.testcases.AccountCreationTest" name="verifyAccountCreationPageTest" time="15.789"/>
  <system-out/>
</testsuite> <!-- com.mystore.testcases.AccountCreationTest -->
