<?xml version="1.0" encoding="UTF-8"?>
<!-- Generated by org.testng.reporters.JUnitReportReporter -->
<testsuite hostname="LAPTOP-E7B5P8US" failures="0" tests="1" name="com.mystore.testcases.AddToCartPageTest" time="28.944" errors="0" timestamp="2022-10-11T15:45:12 IST" skipped="0">
  <testcase classname="com.mystore.testcases.AddToCartPageTest" name="addToCartCheck" time="28.944"/>
  <system-out/>
</testsuite> <!-- com.mystore.testcases.AddToCartPageTest -->
