<?xml version="1.0" encoding="UTF-8"?>
<!-- Generated by org.testng.reporters.JUnitReportReporter -->
<testsuite hostname="LAPTOP-E7B5P8US" failures="0" tests="2" name="com.mystore.testcases.HomePageTest" time="45.927" errors="0" timestamp="2022-10-10T22:22:50 IST" skipped="0">
  <testcase classname="com.mystore.testcases.HomePageTest" name="verifyWishListTest" time="25.466"/>
  <system-out/>
  <testcase classname="com.mystore.testcases.HomePageTest" name="verifyOrderHistoryAndDetails" time="20.461"/>
  <system-out/>
</testsuite> <!-- com.mystore.testcases.HomePageTest -->
