<?xml version="1.0" encoding="UTF-8"?>
<!-- Generated by org.testng.reporters.JUnitReportReporter -->
<testsuite hostname="LAPTOP-E7B5P8US" failures="0" tests="1" name="com.mystore.testcases.OrderPageTest" time="22.955" errors="0" timestamp="2022-10-11T16:29:38 IST" skipped="0">
  <testcase classname="com.mystore.testcases.OrderPageTest" name="validateTotalPrice" time="22.955"/>
  <system-out/>
</testsuite> <!-- com.mystore.testcases.OrderPageTest -->
